0 info it worked if it ends with ok
1 verbose cli [ '/usr/bin/nodejs', '/usr/bin/npm', 'install' ]
2 info using npm@1.4.21
3 info using node@v0.10.25
4 warn package.json fond@0.0.0 No description
5 warn package.json fond@0.0.0 No repository field.
6 warn package.json fond@0.0.0 No README data
7 verbose readDependencies using package.json deps
8 verbose install where, deps [ '/home/user/projects/fond',
8 verbose install   [ 'gulp',
8 verbose install     'gulp-autoprefixer',
8 verbose install     'gulp-angular-templatecache',
8 verbose install     'del',
8 verbose install     'lodash',
8 verbose install     'gulp-csso',
8 verbose install     'gulp-filter',
8 verbose install     'gulp-flatten',
8 verbose install     'gulp-jshint',
8 verbose install     'gulp-load-plugins',
8 verbose install     'gulp-size',
8 verbose install     'gulp-uglify',
8 verbose install     'gulp-useref',
8 verbose install     'gulp-util',
8 verbose install     'gulp-ng-annotate',
8 verbose install     'gulp-replace',
8 verbose install     'gulp-rename',
8 verbose install     'gulp-rev',
8 verbose install     'gulp-rev-replace',
8 verbose install     'gulp-minify-html',
8 verbose install     'gulp-inject',
8 verbose install     'gulp-protractor',
8 verbose install     'gulp-sourcemaps',
8 verbose install     'gulp-stylus',
8 verbose install     'gulp-angular-filesort',
8 verbose install     'main-bower-files',
8 verbose install     'merge-stream',
8 verbose install     'jshint-stylish',
8 verbose install     'wiredep',
8 verbose install     'karma',
8 verbose install     'karma-jasmine',
8 verbose install     'karma-phantomjs-launcher',
8 verbose install     'karma-ng-html2js-preprocessor',
8 verbose install     'concat-stream',
8 verbose install     'require-dir',
8 verbose install     'browser-sync',
8 verbose install     'browser-sync-spa',
8 verbose install     'http-proxy',
8 verbose install     'chalk',
8 verbose install     'protractor',
8 verbose install     'uglify-save-license',
8 verbose install     'wrench',
8 verbose install     'gzippo',
8 verbose install     'express',
8 verbose install     'bower' ] ]
9 info preinstall fond@0.0.0
10 verbose readDependencies using package.json deps
11 verbose already installed skipping gulp-angular-templatecache@~1.5.0 /home/user/projects/fond
12 verbose already installed skipping del@~1.1.1 /home/user/projects/fond
13 verbose already installed skipping lodash@~3.2.0 /home/user/projects/fond
14 verbose already installed skipping gulp-csso@~1.0.0 /home/user/projects/fond
15 verbose already installed skipping gulp-filter@~2.0.2 /home/user/projects/fond
16 verbose already installed skipping gulp-flatten@~0.0.4 /home/user/projects/fond
17 verbose already installed skipping gulp-jshint@~1.9.0 /home/user/projects/fond
18 verbose already installed skipping gulp-load-plugins@~0.8.0 /home/user/projects/fond
19 verbose already installed skipping gulp-size@~1.2.0 /home/user/projects/fond
20 verbose already installed skipping gulp-uglify@~1.1.0 /home/user/projects/fond
21 verbose already installed skipping gulp-useref@~1.1.0 /home/user/projects/fond
22 verbose already installed skipping gulp-util@~3.0.2 /home/user/projects/fond
23 verbose already installed skipping gulp-ng-annotate@~0.5.2 /home/user/projects/fond
24 verbose already installed skipping gulp-replace@~0.5.0 /home/user/projects/fond
25 verbose already installed skipping gulp-rename@~1.2.0 /home/user/projects/fond
26 verbose already installed skipping gulp-rev@~3.0.1 /home/user/projects/fond
27 verbose already installed skipping gulp-rev-replace@~0.3.1 /home/user/projects/fond
28 verbose already installed skipping gulp-minify-html@~0.1.7 /home/user/projects/fond
29 verbose already installed skipping gulp-inject@~1.1.1 /home/user/projects/fond
30 verbose already installed skipping gulp-protractor@~0.0.12 /home/user/projects/fond
31 verbose already installed skipping gulp-sourcemaps@~1.3.0 /home/user/projects/fond
32 verbose already installed skipping gulp-stylus@~2.0.0 /home/user/projects/fond
33 verbose already installed skipping gulp-angular-filesort@~1.0.4 /home/user/projects/fond
34 verbose already installed skipping main-bower-files@~2.5.0 /home/user/projects/fond
35 verbose already installed skipping merge-stream@~0.1.7 /home/user/projects/fond
36 verbose already installed skipping jshint-stylish@~1.0.0 /home/user/projects/fond
37 verbose already installed skipping wiredep@~2.2.0 /home/user/projects/fond
38 verbose already installed skipping karma@~0.12.31 /home/user/projects/fond
39 verbose already installed skipping karma-jasmine@~0.3.1 /home/user/projects/fond
40 verbose already installed skipping karma-phantomjs-launcher@~0.1.4 /home/user/projects/fond
41 verbose already installed skipping karma-ng-html2js-preprocessor@~0.1.2 /home/user/projects/fond
42 verbose already installed skipping concat-stream@~1.4.7 /home/user/projects/fond
43 verbose already installed skipping require-dir@~0.1.0 /home/user/projects/fond
44 verbose already installed skipping browser-sync@~2.1.4 /home/user/projects/fond
45 verbose already installed skipping browser-sync-spa@~1.0.2 /home/user/projects/fond
46 verbose already installed skipping http-proxy@~1.8.0 /home/user/projects/fond
47 verbose already installed skipping chalk@~0.5.1 /home/user/projects/fond
48 verbose already installed skipping protractor@~1.7.0 /home/user/projects/fond
49 verbose already installed skipping uglify-save-license@~0.4.1 /home/user/projects/fond
50 verbose already installed skipping wrench@~1.5.8 /home/user/projects/fond
51 verbose already installed skipping gzippo@* /home/user/projects/fond
52 verbose already installed skipping express@* /home/user/projects/fond
53 verbose already installed skipping gulp@~3.8.10 /home/user/projects/fond
54 verbose already installed skipping bower@* /home/user/projects/fond
55 verbose already installed skipping gulp-autoprefixer@~2.1.0 /home/user/projects/fond
56 silly resolved []
57 info build /home/user/projects/fond
58 verbose linkStuff [ false, false, false, '/home/user/projects' ]
59 info linkStuff fond@0.0.0
60 verbose linkBins fond@0.0.0
61 verbose linkMans fond@0.0.0
62 verbose rebuildBundles fond@0.0.0
63 verbose rebuildBundles [ '.bin',
63 verbose rebuildBundles   'bower',
63 verbose rebuildBundles   'browser-sync',
63 verbose rebuildBundles   'browser-sync-spa',
63 verbose rebuildBundles   'chalk',
63 verbose rebuildBundles   'concat-stream',
63 verbose rebuildBundles   'del',
63 verbose rebuildBundles   'express',
63 verbose rebuildBundles   'gulp',
63 verbose rebuildBundles   'gulp-angular-filesort',
63 verbose rebuildBundles   'gulp-angular-templatecache',
63 verbose rebuildBundles   'gulp-autoprefixer',
63 verbose rebuildBundles   'gulp-csso',
63 verbose rebuildBundles   'gulp-filter',
63 verbose rebuildBundles   'gulp-flatten',
63 verbose rebuildBundles   'gulp-inject',
63 verbose rebuildBundles   'gulp-jshint',
63 verbose rebuildBundles   'gulp-load-plugins',
63 verbose rebuildBundles   'gulp-minify-html',
63 verbose rebuildBundles   'gulp-ng-annotate',
63 verbose rebuildBundles   'gulp-protractor',
63 verbose rebuildBundles   'gulp-rename',
63 verbose rebuildBundles   'gulp-replace',
63 verbose rebuildBundles   'gulp-rev',
63 verbose rebuildBundles   'gulp-rev-replace',
63 verbose rebuildBundles   'gulp-size',
63 verbose rebuildBundles   'gulp-sourcemaps',
63 verbose rebuildBundles   'gulp-stylus',
63 verbose rebuildBundles   'gulp-uglify',
63 verbose rebuildBundles   'gulp-useref',
63 verbose rebuildBundles   'gulp-util',
63 verbose rebuildBundles   'gzippo',
63 verbose rebuildBundles   'http-proxy',
63 verbose rebuildBundles   'jasmine-core',
63 verbose rebuildBundles   'jshint-stylish',
63 verbose rebuildBundles   'karma',
63 verbose rebuildBundles   'karma-jasmine',
63 verbose rebuildBundles   'karma-ng-html2js-preprocessor',
63 verbose rebuildBundles   'karma-phantomjs-launcher',
63 verbose rebuildBundles   'lodash',
63 verbose rebuildBundles   'main-bower-files',
63 verbose rebuildBundles   'merge-stream',
63 verbose rebuildBundles   'protractor',
63 verbose rebuildBundles   'require-dir',
63 verbose rebuildBundles   'uglify-save-license',
63 verbose rebuildBundles   'wiredep',
63 verbose rebuildBundles   'wrench' ]
64 verbose rebuild bundle /home/user/projects/fond/node_modules/jasmine-core
65 info build /home/user/projects/fond/node_modules/jasmine-core
66 info preinstall jasmine-core@2.3.4
67 verbose linkStuff [ false, false, false, '/home/user/projects/fond/node_modules' ]
68 info linkStuff jasmine-core@2.3.4
69 verbose linkBins jasmine-core@2.3.4
70 verbose linkMans jasmine-core@2.3.4
71 verbose rebuildBundles jasmine-core@2.3.4
72 info install jasmine-core@2.3.4
73 info postinstall jasmine-core@2.3.4
74 info install fond@0.0.0
75 info postinstall fond@0.0.0
76 verbose unsafe-perm in lifecycle true
77 info fond@0.0.0 Failed to exec postinstall script
78 error fond@0.0.0 postinstall: `./node_modules/bower/bin/bower install && node node_modules/gulp/bin/gulp.js`
78 error Exit status 1
79 error Failed at the fond@0.0.0 postinstall script.
79 error This is most likely a problem with the fond package,
79 error not with npm itself.
79 error Tell the author that this fails on your system:
79 error     ./node_modules/bower/bin/bower install && node node_modules/gulp/bin/gulp.js
79 error You can get their info via:
79 error     npm owner ls fond
79 error There is likely additional logging output above.
80 error System Linux 3.16.0-41-generic
81 error command "/usr/bin/nodejs" "/usr/bin/npm" "install"
82 error cwd /home/user/projects/fond
83 error node -v v0.10.25
84 error npm -v 1.4.21
85 error code ELIFECYCLE
86 verbose exit [ 1, true ]
